[15052:31148:0402/121402.088:INFO:CONSOLE(27)] "Initializing 1Password X...", source: chrome-extension://aeblfdkhhhdcdjpifhhbdiojplfjncoa/background/background.js (27)
[15052:31148:0402/121402.193:INFO:CONSOLE(27)] "Finished initializing stable 1Password X 1.18.0 in chrome (20100)", source: chrome-extension://aeblfdkhhhdcdjpifhhbdiojplfjncoa/background/background.js (27)
[15052:31148:0402/121402.201:INFO:CONSOLE(27)] "crypto tests: 19.766845703125ms", source: chrome-extension://aeblfdkhhhdcdjpifhhbdiojplfjncoa/background/background.js (27)
[15052:31148:0402/121402.804:WARNING:CONSOLE(0)] "A cookie associated with a cross-site resource at http://www.google.com/ was set without the `SameSite` attribute. A future release of Chrome will only deliver cookies with cross-site requests if they are set with `SameSite=None` and `Secure`. You can review cookies in developer tools under Application>Storage>Cookies and see more details at https://www.chromestatus.com/feature/5088147346030592 and https://www.chromestatus.com/feature/5633521622188032.", source: chrome-search://local-ntp/local-ntp.html (0)
[15052:21844:0402/121402.937:ERROR:data_store_impl.cc(131)] Failed to open Data Reduction Proxy DB: 3
[15052:31148:0402/121403.200:INFO:CONSOLE(15)] "%cLoaded active tab (includeDesignations=false) 20.300000003771856 ms. color:green", source: chrome-extension://aeblfdkhhhdcdjpifhhbdiojplfjncoa/mini/mini.js (15)
[15052:31148:0402/121410.534:INFO:CONSOLE(27)] "PBES2g-HS256(100000): 36.22509765625ms", source: chrome-extension://aeblfdkhhhdcdjpifhhbdiojplfjncoa/background/background.js (27)
[15052:31148:0402/121410.567:INFO:CONSOLE(27)] "%c[LM] Started (minutes=10, lock on sleep=true). color:orange", source: chrome-extension://aeblfdkhhhdcdjpifhhbdiojplfjncoa/background/background.js (27)
[15052:31148:0402/121410.610:INFO:CONSOLE(15)] "%cLoaded active tab (includeDesignations=true) 18.57499999459833 ms. color:green", source: chrome-extension://aeblfdkhhhdcdjpifhhbdiojplfjncoa/mini/mini.js (15)
[15052:31148:0402/121410.611:INFO:CONSOLE(15)] "%cLoaded list items in 19.809999997960404 ms. color:green", source: chrome-extension://aeblfdkhhhdcdjpifhhbdiojplfjncoa/mini/mini.js (15)
[15052:31148:0402/121410.612:INFO:CONSOLE(15)] "%cSerialized list items in 0.14500001270789653 ms. color:green", source: chrome-extension://aeblfdkhhhdcdjpifhhbdiojplfjncoa/mini/mini.js (15)
[15052:31148:0402/121410.744:INFO:CONSOLE(15)] "%cFiltered list items in 0.3799999976763502 ms. color:brown", source: chrome-extension://aeblfdkhhhdcdjpifhhbdiojplfjncoa/mini/mini.js (15)
[15052:31148:0402/121412.028:INFO:CONSOLE(27)] "PBES2g-HS256(100000): 38.8779296875ms", source: chrome-extension://aeblfdkhhhdcdjpifhhbdiojplfjncoa/background/background.js (27)
[15052:31148:0402/121412.338:INFO:CONSOLE(27)] "Signed in successfully to PWI5GLP2WBGH3N2PHIT6Z7T7CQ and loaded account details. %cElapse time 1732ms. color:blue", source: chrome-extension://aeblfdkhhhdcdjpifhhbdiojplfjncoa/background/background.js (27)
[15052:31148:0402/121412.472:INFO:CONSOLE(27)] "Ensuring device keys are available for 1 accounts now that we are unlocked.", source: chrome-extension://aeblfdkhhhdcdjpifhhbdiojplfjncoa/background/background.js (27)
[15052:31148:0402/121412.848:INFO:CONSOLE(0)] "Unchecked runtime.lastError: The message port closed before a response was received.", source: chrome-extension://aeblfdkhhhdcdjpifhhbdiojplfjncoa/_generated_background_page.html (0)
[15052:31148:0402/121428.054:INFO:CONSOLE(15)] "%cLoaded active tab (includeDesignations=false) 18.230000001494773 ms. color:green", source: chrome-extension://aeblfdkhhhdcdjpifhhbdiojplfjncoa/mini/mini.js (15)
[15052:31148:0402/121428.175:INFO:CONSOLE(15)] "%cLoaded list items in 18.9399999944726 ms. color:green", source: chrome-extension://aeblfdkhhhdcdjpifhhbdiojplfjncoa/mini/mini.js (15)
[15052:31148:0402/121428.175:INFO:CONSOLE(15)] "%cSerialized list items in 0.025000001187436283 ms. color:green", source: chrome-extension://aeblfdkhhhdcdjpifhhbdiojplfjncoa/mini/mini.js (15)
[15052:31148:0402/121428.190:INFO:CONSOLE(15)] "%cFiltered list items in 0.17499999376013875 ms. color:brown", source: chrome-extension://aeblfdkhhhdcdjpifhhbdiojplfjncoa/mini/mini.js (15)
[15052:31148:0402/121438.320:INFO:CONSOLE(27)] "%c[LM] Stopped. color:orange", source: chrome-extension://aeblfdkhhhdcdjpifhhbdiojplfjncoa/background/background.js (27)
[15052:31148:0402/121556.341:WARNING:pref_notifier_impl.cc(40)] Pref observer for media_router.cast_allow_all_ips found at shutdown.
[15052:31148:0402/121556.341:WARNING:pref_notifier_impl.cc(40)] Pref observer for browser.relaunch_notification_period found at shutdown.
